2016-05-26 14:53:55,737 ERROR [main] o.l.g.c.GeogigCLI [GeogigCLI.java:389] Could not export. Error:UNABLE_TO_ADD
java.lang.IndexOutOfBoundsException: Index: 8, Size: 8
	at java.util.ArrayList.rangeCheck(ArrayList.java:653) ~[na:1.8.0_92]
	at java.util.ArrayList.get(ArrayList.java:429) ~[na:1.8.0_92]
	at java.util.Collections$UnmodifiableList.get(Collections.java:1309) ~[na:1.8.0_92]
	at org.geotools.feature.simple.SimpleFeatureTypeImpl.getDescriptor(SimpleFeatureTypeImpl.java:118) ~[gt-main-14.1.jar:na]
	at org.locationtech.geogig.geotools.plumbing.ExportDiffOp.lambda$getFeatures$1(ExportDiffOp.java:180) ~[classes/:na]
	at com.google.common.collect.Iterators$8.transform(Iterators.java:794) ~[guava-17.0.jar:na]
	at com.google.common.collect.TransformedIterator.next(TransformedIterator.java:48) ~[guava-17.0.jar:na]
	at com.google.common.collect.Iterators$7.computeNext(Iterators.java:646) ~[guava-17.0.jar:na]
	at com.google.common.collect.AbstractIterator.tryToComputeNext(AbstractIterator.java:143) ~[guava-17.0.jar:na]
	at com.google.common.collect.AbstractIterator.hasNext(AbstractIterator.java:138) ~[guava-17.0.jar:na]
	at com.google.common.collect.TransformedIterator.hasNext(TransformedIterator.java:43) ~[guava-17.0.jar:na]
	at com.google.common.collect.TransformedIterator.hasNext(TransformedIterator.java:43) ~[guava-17.0.jar:na]
	at com.google.common.collect.Iterators$7.computeNext(Iterators.java:645) ~[guava-17.0.jar:na]
	at com.google.common.collect.AbstractIterator.tryToComputeNext(AbstractIterator.java:143) ~[guava-17.0.jar:na]
	at com.google.common.collect.AbstractIterator.hasNext(AbstractIterator.java:138) ~[guava-17.0.jar:na]
	at org.geotools.feature.collection.DelegateFeatureIterator.hasNext(DelegateFeatureIterator.java:67) ~[gt-main-14.1.jar:na]
	at org.geotools.data.store.ContentFeatureStore.addFeatures(ContentFeatureStore.java:261) ~[gt-data-14.1.jar:na]
	at org.locationtech.geogig.geotools.plumbing.ExportDiffOp._call(ExportDiffOp.java:138) ~[classes/:na]
	at org.locationtech.geogig.geotools.plumbing.ExportDiffOp._call(ExportDiffOp.java:62) ~[classes/:na]
	at org.locationtech.geogig.api.AbstractGeoGigOp.call(AbstractGeoGigOp.java:133) ~[classes/:na]
	at org.locationtech.geogig.geotools.cli.shp.ShpExportDiff.runInternal(ShpExportDiff.java:139) ~[classes/:na]
	at org.locationtech.geogig.cli.AbstractCommand.run(AbstractCommand.java:68) ~[classes/:na]
	at org.locationtech.geogig.cli.GeogigCLI.executeInternal(GeogigCLI.java:528) ~[classes/:na]
	at org.locationtech.geogig.cli.GeogigCLI.execute(GeogigCLI.java:367) ~[classes/:na]
	at org.locationtech.geogig.cli.CLI.main(CLI.java:39) [classes/:na]
2016-05-26 14:55:56,579 ERROR [main] o.l.g.c.GeogigCLI [GeogigCLI.java:389] Could not export. Error:UNABLE_TO_ADD
java.lang.IndexOutOfBoundsException: Index: 8, Size: 8
	at java.util.ArrayList.rangeCheck(ArrayList.java:653) ~[na:1.8.0_92]
	at java.util.ArrayList.get(ArrayList.java:429) ~[na:1.8.0_92]
	at java.util.Collections$UnmodifiableList.get(Collections.java:1309) ~[na:1.8.0_92]
	at org.geotools.feature.simple.SimpleFeatureTypeImpl.getDescriptor(SimpleFeatureTypeImpl.java:118) ~[gt-main-14.1.jar:na]
	at org.locationtech.geogig.geotools.plumbing.ExportDiffOp.lambda$getFeatures$1(ExportDiffOp.java:180) ~[classes/:na]
	at com.google.common.collect.Iterators$8.transform(Iterators.java:794) ~[guava-17.0.jar:na]
	at com.google.common.collect.TransformedIterator.next(TransformedIterator.java:48) ~[guava-17.0.jar:na]
	at com.google.common.collect.Iterators$7.computeNext(Iterators.java:646) ~[guava-17.0.jar:na]
	at com.google.common.collect.AbstractIterator.tryToComputeNext(AbstractIterator.java:143) ~[guava-17.0.jar:na]
	at com.google.common.collect.AbstractIterator.hasNext(AbstractIterator.java:138) ~[guava-17.0.jar:na]
	at com.google.common.collect.TransformedIterator.hasNext(TransformedIterator.java:43) ~[guava-17.0.jar:na]
	at com.google.common.collect.TransformedIterator.hasNext(TransformedIterator.java:43) ~[guava-17.0.jar:na]
	at com.google.common.collect.Iterators$7.computeNext(Iterators.java:645) ~[guava-17.0.jar:na]
	at com.google.common.collect.AbstractIterator.tryToComputeNext(AbstractIterator.java:143) ~[guava-17.0.jar:na]
	at com.google.common.collect.AbstractIterator.hasNext(AbstractIterator.java:138) ~[guava-17.0.jar:na]
	at org.geotools.feature.collection.DelegateFeatureIterator.hasNext(DelegateFeatureIterator.java:67) ~[gt-main-14.1.jar:na]
	at org.geotools.data.store.ContentFeatureStore.addFeatures(ContentFeatureStore.java:261) ~[gt-data-14.1.jar:na]
	at org.locationtech.geogig.geotools.plumbing.ExportDiffOp._call(ExportDiffOp.java:138) ~[classes/:na]
	at org.locationtech.geogig.geotools.plumbing.ExportDiffOp._call(ExportDiffOp.java:62) ~[classes/:na]
	at org.locationtech.geogig.api.AbstractGeoGigOp.call(AbstractGeoGigOp.java:133) ~[classes/:na]
	at org.locationtech.geogig.geotools.cli.shp.ShpExportDiff.runInternal(ShpExportDiff.java:139) ~[classes/:na]
	at org.locationtech.geogig.cli.AbstractCommand.run(AbstractCommand.java:68) ~[classes/:na]
	at org.locationtech.geogig.cli.GeogigCLI.executeInternal(GeogigCLI.java:528) ~[classes/:na]
	at org.locationtech.geogig.cli.GeogigCLI.execute(GeogigCLI.java:367) ~[classes/:na]
	at org.locationtech.geogig.cli.CLI.main(CLI.java:39) [classes/:na]
2016-05-26 15:15:04,052 ERROR [main] o.l.g.c.GeogigCLI [GeogigCLI.java:389] Could not export. Error:UNABLE_TO_ADD
java.lang.IndexOutOfBoundsException: Index: 8, Size: 8
	at java.util.ArrayList.rangeCheck(ArrayList.java:653) ~[na:1.8.0_92]
	at java.util.ArrayList.get(ArrayList.java:429) ~[na:1.8.0_92]
	at java.util.Collections$UnmodifiableList.get(Collections.java:1309) ~[na:1.8.0_92]
	at org.geotools.feature.simple.SimpleFeatureTypeImpl.getDescriptor(SimpleFeatureTypeImpl.java:118) ~[gt-main-14.1.jar:na]
	at org.locationtech.geogig.geotools.plumbing.ExportDiffOp.lambda$getFeatures$1(ExportDiffOp.java:180) ~[classes/:na]
	at com.google.common.collect.Iterators$8.transform(Iterators.java:794) ~[guava-17.0.jar:na]
	at com.google.common.collect.TransformedIterator.next(TransformedIterator.java:48) ~[guava-17.0.jar:na]
	at com.google.common.collect.Iterators$7.computeNext(Iterators.java:646) ~[guava-17.0.jar:na]
	at com.google.common.collect.AbstractIterator.tryToComputeNext(AbstractIterator.java:143) ~[guava-17.0.jar:na]
	at com.google.common.collect.AbstractIterator.hasNext(AbstractIterator.java:138) ~[guava-17.0.jar:na]
	at com.google.common.collect.TransformedIterator.hasNext(TransformedIterator.java:43) ~[guava-17.0.jar:na]
	at com.google.common.collect.TransformedIterator.hasNext(TransformedIterator.java:43) ~[guava-17.0.jar:na]
	at com.google.common.collect.Iterators$7.computeNext(Iterators.java:645) ~[guava-17.0.jar:na]
	at com.google.common.collect.AbstractIterator.tryToComputeNext(AbstractIterator.java:143) ~[guava-17.0.jar:na]
	at com.google.common.collect.AbstractIterator.hasNext(AbstractIterator.java:138) ~[guava-17.0.jar:na]
	at org.geotools.feature.collection.DelegateFeatureIterator.hasNext(DelegateFeatureIterator.java:67) ~[gt-main-14.1.jar:na]
	at org.geotools.data.store.ContentFeatureStore.addFeatures(ContentFeatureStore.java:261) ~[gt-data-14.1.jar:na]
	at org.locationtech.geogig.geotools.plumbing.ExportDiffOp._call(ExportDiffOp.java:138) ~[classes/:na]
	at org.locationtech.geogig.geotools.plumbing.ExportDiffOp._call(ExportDiffOp.java:62) ~[classes/:na]
	at org.locationtech.geogig.api.AbstractGeoGigOp.call(AbstractGeoGigOp.java:133) ~[classes/:na]
	at org.locationtech.geogig.geotools.cli.shp.ShpExportDiff.runInternal(ShpExportDiff.java:139) ~[classes/:na]
	at org.locationtech.geogig.cli.AbstractCommand.run(AbstractCommand.java:68) ~[classes/:na]
	at org.locationtech.geogig.cli.GeogigCLI.executeInternal(GeogigCLI.java:528) ~[classes/:na]
	at org.locationtech.geogig.cli.GeogigCLI.execute(GeogigCLI.java:367) ~[classes/:na]
	at org.locationtech.geogig.cli.CLI.main(CLI.java:39) [classes/:na]
2016-05-26 15:18:17,038 ERROR [main] o.l.g.c.GeogigCLI [GeogigCLI.java:389] Could not export. Error:UNABLE_TO_ADD
java.lang.IndexOutOfBoundsException: Index: 8, Size: 8
	at java.util.ArrayList.rangeCheck(ArrayList.java:653) ~[na:1.8.0_92]
	at java.util.ArrayList.get(ArrayList.java:429) ~[na:1.8.0_92]
	at java.util.Collections$UnmodifiableList.get(Collections.java:1309) ~[na:1.8.0_92]
	at org.geotools.feature.simple.SimpleFeatureTypeImpl.getDescriptor(SimpleFeatureTypeImpl.java:118) ~[gt-main-14.1.jar:na]
	at org.locationtech.geogig.geotools.plumbing.ExportDiffOp.lambda$getFeatures$1(ExportDiffOp.java:180) ~[classes/:na]
	at com.google.common.collect.Iterators$8.transform(Iterators.java:794) ~[guava-17.0.jar:na]
	at com.google.common.collect.TransformedIterator.next(TransformedIterator.java:48) ~[guava-17.0.jar:na]
	at com.google.common.collect.Iterators$7.computeNext(Iterators.java:646) ~[guava-17.0.jar:na]
	at com.google.common.collect.AbstractIterator.tryToComputeNext(AbstractIterator.java:143) ~[guava-17.0.jar:na]
	at com.google.common.collect.AbstractIterator.hasNext(AbstractIterator.java:138) ~[guava-17.0.jar:na]
	at com.google.common.collect.TransformedIterator.hasNext(TransformedIterator.java:43) ~[guava-17.0.jar:na]
	at com.google.common.collect.TransformedIterator.hasNext(TransformedIterator.java:43) ~[guava-17.0.jar:na]
	at com.google.common.collect.Iterators$7.computeNext(Iterators.java:645) ~[guava-17.0.jar:na]
	at com.google.common.collect.AbstractIterator.tryToComputeNext(AbstractIterator.java:143) ~[guava-17.0.jar:na]
	at com.google.common.collect.AbstractIterator.hasNext(AbstractIterator.java:138) ~[guava-17.0.jar:na]
	at org.geotools.feature.collection.DelegateFeatureIterator.hasNext(DelegateFeatureIterator.java:67) ~[gt-main-14.1.jar:na]
	at org.geotools.data.store.ContentFeatureStore.addFeatures(ContentFeatureStore.java:261) ~[gt-data-14.1.jar:na]
	at org.locationtech.geogig.geotools.plumbing.ExportDiffOp._call(ExportDiffOp.java:138) ~[classes/:na]
	at org.locationtech.geogig.geotools.plumbing.ExportDiffOp._call(ExportDiffOp.java:62) ~[classes/:na]
	at org.locationtech.geogig.api.AbstractGeoGigOp.call(AbstractGeoGigOp.java:133) ~[classes/:na]
	at org.locationtech.geogig.geotools.cli.shp.ShpExportDiff.runInternal(ShpExportDiff.java:139) ~[classes/:na]
	at org.locationtech.geogig.cli.AbstractCommand.run(AbstractCommand.java:68) ~[classes/:na]
	at org.locationtech.geogig.cli.GeogigCLI.executeInternal(GeogigCLI.java:528) ~[classes/:na]
	at org.locationtech.geogig.cli.GeogigCLI.execute(GeogigCLI.java:367) ~[classes/:na]
	at org.locationtech.geogig.cli.CLI.main(CLI.java:39) [classes/:na]
2016-05-26 16:17:00,266 ERROR [main] o.l.g.c.GeogigCLI [GeogigCLI.java:389] The repository is already open by another process for writing
com.sleepycat.je.EnvironmentLockedException: (JE 5.0.84) C:\code\geogig_doitt\geogig-1\src\cli-app\.geogig\objects The environment cannot be locked for single writer access. ENV_LOCKED: The je.lck file could not be locked. Environment is invalid and must be closed.
	at com.sleepycat.je.log.FileManager.<init>(FileManager.java:368) ~[je-5.0.84.jar:5.0.84]
	at com.sleepycat.je.dbi.EnvironmentImpl.<init>(EnvironmentImpl.java:483) ~[je-5.0.84.jar:5.0.84]
	at com.sleepycat.je.dbi.EnvironmentImpl.<init>(EnvironmentImpl.java:409) ~[je-5.0.84.jar:5.0.84]
	at com.sleepycat.je.dbi.DbEnvPool.getEnvironment(DbEnvPool.java:178) ~[je-5.0.84.jar:5.0.84]
	at com.sleepycat.je.Environment.makeEnvironmentImpl(Environment.java:252) ~[je-5.0.84.jar:5.0.84]
	at com.sleepycat.je.Environment.<init>(Environment.java:233) ~[je-5.0.84.jar:5.0.84]
	at com.sleepycat.je.Environment.<init>(Environment.java:177) ~[je-5.0.84.jar:5.0.84]
	at org.locationtech.geogig.storage.bdbje.EnvironmentBuilder.get(EnvironmentBuilder.java:162) ~[geogig-bdbje-1.0-SNAPSHOT.jar:1.0-SNAPSHOT]
	at org.locationtech.geogig.storage.bdbje.JEObjectDatabase.createEnvironment(JEObjectDatabase.java:143) ~[geogig-bdbje-1.0-SNAPSHOT.jar:1.0-SNAPSHOT]
	at org.locationtech.geogig.storage.bdbje.JEObjectDatabase.createDatabase(JEObjectDatabase.java:241) ~[geogig-bdbje-1.0-SNAPSHOT.jar:1.0-SNAPSHOT]
	at org.locationtech.geogig.storage.bdbje.JEObjectDatabase.open(JEObjectDatabase.java:210) ~[geogig-bdbje-1.0-SNAPSHOT.jar:1.0-SNAPSHOT]
	at org.locationtech.geogig.storage.bdbje.JEObjectDatabase_v0_2.open(JEObjectDatabase_v0_2.java:20) ~[geogig-bdbje-1.0-SNAPSHOT.jar:1.0-SNAPSHOT]
	at org.locationtech.geogig.storage.ForwardingObjectDatabase.open(ForwardingObjectDatabase.java:36) ~[geogig-core-1.0-SNAPSHOT.jar:1.0-SNAPSHOT]
	at org.locationtech.geogig.storage.ForwardingObjectDatabase.open(ForwardingObjectDatabase.java:36) ~[geogig-core-1.0-SNAPSHOT.jar:1.0-SNAPSHOT]
	at org.locationtech.geogig.repository.Repository.open(Repository.java:119) ~[geogig-core-1.0-SNAPSHOT.jar:1.0-SNAPSHOT]
	at org.locationtech.geogig.api.GeoGIG.getRepository(GeoGIG.java:121) ~[geogig-core-1.0-SNAPSHOT.jar:1.0-SNAPSHOT]
	at org.locationtech.geogig.cli.GeogigCLI.newGeoGIG(GeogigCLI.java:268) ~[geogig-cli-1.0-SNAPSHOT.jar:1.0-SNAPSHOT]
	at org.locationtech.geogig.cli.GeogigCLI.loadRepository(GeogigCLI.java:240) ~[geogig-cli-1.0-SNAPSHOT.jar:1.0-SNAPSHOT]
	at org.locationtech.geogig.cli.GeogigCLI.loadRepository(GeogigCLI.java:235) ~[geogig-cli-1.0-SNAPSHOT.jar:1.0-SNAPSHOT]
	at org.locationtech.geogig.cli.GeogigCLI.getGeogig(GeogigCLI.java:180) ~[geogig-cli-1.0-SNAPSHOT.jar:1.0-SNAPSHOT]
	at org.locationtech.geogig.cli.GeogigCLI.executeInternal(GeogigCLI.java:522) ~[geogig-cli-1.0-SNAPSHOT.jar:1.0-SNAPSHOT]
	at org.locationtech.geogig.cli.GeogigCLI.execute(GeogigCLI.java:367) ~[geogig-cli-1.0-SNAPSHOT.jar:1.0-SNAPSHOT]
	at org.locationtech.geogig.cli.CLI.main(CLI.java:39) [geogig-cli-app-1.0-SNAPSHOT.jar:1.0-SNAPSHOT]
2016-05-30 17:11:06,735 ERROR [main] o.l.g.c.GeogigCLI [GeogigCLI.java:389] The repository is already open by another process for writing
com.sleepycat.je.EnvironmentLockedException: (JE 5.0.84) C:\code\geogig_doitt\geogig-1\src\cli-app\.geogig\objects The environment cannot be locked for single writer access. ENV_LOCKED: The je.lck file could not be locked. Environment is invalid and must be closed.
	at com.sleepycat.je.log.FileManager.<init>(FileManager.java:368) ~[je-5.0.84.jar:5.0.84]
	at com.sleepycat.je.dbi.EnvironmentImpl.<init>(EnvironmentImpl.java:483) ~[je-5.0.84.jar:5.0.84]
	at com.sleepycat.je.dbi.EnvironmentImpl.<init>(EnvironmentImpl.java:409) ~[je-5.0.84.jar:5.0.84]
	at com.sleepycat.je.dbi.DbEnvPool.getEnvironment(DbEnvPool.java:178) ~[je-5.0.84.jar:5.0.84]
	at com.sleepycat.je.Environment.makeEnvironmentImpl(Environment.java:252) ~[je-5.0.84.jar:5.0.84]
	at com.sleepycat.je.Environment.<init>(Environment.java:233) ~[je-5.0.84.jar:5.0.84]
	at com.sleepycat.je.Environment.<init>(Environment.java:177) ~[je-5.0.84.jar:5.0.84]
	at org.locationtech.geogig.storage.bdbje.EnvironmentBuilder.get(EnvironmentBuilder.java:162) ~[geogig-bdbje-1.0-SNAPSHOT.jar:1.0-SNAPSHOT]
	at org.locationtech.geogig.storage.bdbje.JEObjectDatabase.createEnvironment(JEObjectDatabase.java:143) ~[geogig-bdbje-1.0-SNAPSHOT.jar:1.0-SNAPSHOT]
	at org.locationtech.geogig.storage.bdbje.JEObjectDatabase.createDatabase(JEObjectDatabase.java:241) ~[geogig-bdbje-1.0-SNAPSHOT.jar:1.0-SNAPSHOT]
	at org.locationtech.geogig.storage.bdbje.JEObjectDatabase.open(JEObjectDatabase.java:210) ~[geogig-bdbje-1.0-SNAPSHOT.jar:1.0-SNAPSHOT]
	at org.locationtech.geogig.storage.bdbje.JEObjectDatabase_v0_2.open(JEObjectDatabase_v0_2.java:20) ~[geogig-bdbje-1.0-SNAPSHOT.jar:1.0-SNAPSHOT]
	at org.locationtech.geogig.storage.ForwardingObjectDatabase.open(ForwardingObjectDatabase.java:36) ~[geogig-core-1.0-SNAPSHOT.jar:1.0-SNAPSHOT]
	at org.locationtech.geogig.storage.ForwardingObjectDatabase.open(ForwardingObjectDatabase.java:36) ~[geogig-core-1.0-SNAPSHOT.jar:1.0-SNAPSHOT]
	at org.locationtech.geogig.repository.Repository.open(Repository.java:119) ~[geogig-core-1.0-SNAPSHOT.jar:1.0-SNAPSHOT]
	at org.locationtech.geogig.api.GeoGIG.getRepository(GeoGIG.java:121) ~[geogig-core-1.0-SNAPSHOT.jar:1.0-SNAPSHOT]
	at org.locationtech.geogig.cli.GeogigCLI.newGeoGIG(GeogigCLI.java:268) ~[geogig-cli-1.0-SNAPSHOT.jar:1.0-SNAPSHOT]
	at org.locationtech.geogig.cli.GeogigCLI.loadRepository(GeogigCLI.java:240) ~[geogig-cli-1.0-SNAPSHOT.jar:1.0-SNAPSHOT]
	at org.locationtech.geogig.cli.GeogigCLI.loadRepository(GeogigCLI.java:235) ~[geogig-cli-1.0-SNAPSHOT.jar:1.0-SNAPSHOT]
	at org.locationtech.geogig.cli.GeogigCLI.getGeogig(GeogigCLI.java:180) ~[geogig-cli-1.0-SNAPSHOT.jar:1.0-SNAPSHOT]
	at org.locationtech.geogig.cli.GeogigCLI.executeInternal(GeogigCLI.java:522) ~[geogig-cli-1.0-SNAPSHOT.jar:1.0-SNAPSHOT]
	at org.locationtech.geogig.cli.GeogigCLI.execute(GeogigCLI.java:367) ~[geogig-cli-1.0-SNAPSHOT.jar:1.0-SNAPSHOT]
	at org.locationtech.geogig.cli.CLI.main(CLI.java:39) [geogig-cli-app-1.0-SNAPSHOT.jar:1.0-SNAPSHOT]
2016-09-19 14:46:22,043 WARN [main] o.g.factory [FactoryRegistry.java:976] Can't load a service for category "MathTransformProvider". Cause is "ServiceConfigurationError: org.geotools.referencing.operation.MathTransformProvider: Provider org.geotools.referencing.operation.transform.WarpTransform2D$Provider could not be instantiated".
java.util.ServiceConfigurationError: org.geotools.referencing.operation.MathTransformProvider: Provider org.geotools.referencing.operation.transform.WarpTransform2D$Provider could not be instantiated
	at java.util.ServiceLoader.fail(Unknown Source) ~[na:1.8.0_92]
	at java.util.ServiceLoader.access$100(Unknown Source) ~[na:1.8.0_92]
	at java.util.ServiceLoader$LazyIterator.nextService(Unknown Source) ~[na:1.8.0_92]
	at java.util.ServiceLoader$LazyIterator.next(Unknown Source) ~[na:1.8.0_92]
	at java.util.ServiceLoader$1.next(Unknown Source) ~[na:1.8.0_92]
	at org.geotools.factory.FactoryRegistry.register(FactoryRegistry.java:826) [gt-metadata-14.1.jar:na]
	at org.geotools.factory.FactoryRegistry.scanForPlugins(FactoryRegistry.java:772) [gt-metadata-14.1.jar:na]
	at org.geotools.factory.FactoryRegistry.scanForPluginsIfNeeded(FactoryRegistry.java:805) [gt-metadata-14.1.jar:na]
	at org.geotools.factory.FactoryRegistry.getServiceProviders(FactoryRegistry.java:196) [gt-metadata-14.1.jar:na]
	at org.geotools.referencing.operation.DefaultMathTransformFactory.getProvider(DefaultMathTransformFactory.java:282) [gt-referencing-14.1.jar:na]
	at org.geotools.referencing.operation.DefaultMathTransformFactory.getDefaultParameters(DefaultMathTransformFactory.java:316) [gt-referencing-14.1.jar:na]
	at org.geotools.referencing.wkt.Parser.parseProjection(Parser.java:603) [gt-referencing-14.1.jar:na]
	at org.geotools.referencing.wkt.Parser.parseProjCS(Parser.java:917) [gt-referencing-14.1.jar:na]
	at org.geotools.referencing.wkt.Parser.parseCoordinateReferenceSystem(Parser.java:225) [gt-referencing-14.1.jar:na]
	at org.geotools.referencing.wkt.Parser.parseCoordinateReferenceSystem(Parser.java:204) [gt-referencing-14.1.jar:na]
	at org.geotools.referencing.factory.ReferencingObjectFactory.createFromWKT(ReferencingObjectFactory.java:1090) [gt-referencing-14.1.jar:na]
	at org.geotools.data.PrjFileReader.<init>(PrjFileReader.java:94) [gt-main-14.1.jar:na]
	at org.geotools.data.PrjFileReader.<init>(PrjFileReader.java:68) [gt-main-14.1.jar:na]
	at org.geotools.data.shapefile.ShapefileSetManager.openPrjReader(ShapefileSetManager.java:106) [gt-shapefile-14.1.jar:na]
	at org.geotools.data.shapefile.ShapefileFeatureSource.readAttributes(ShapefileFeatureSource.java:519) [gt-shapefile-14.1.jar:na]
	at org.geotools.data.shapefile.ShapefileFeatureSource.buildFeatureType(ShapefileFeatureSource.java:475) [gt-shapefile-14.1.jar:na]
	at org.geotools.data.shapefile.ShapefileFeatureStore.buildFeatureType(ShapefileFeatureStore.java:131) [gt-shapefile-14.1.jar:na]
	at org.geotools.data.store.ContentFeatureSource.getAbsoluteSchema(ContentFeatureSource.java:343) [gt-data-14.1.jar:na]
	at org.geotools.data.store.ContentFeatureSource.getSchema(ContentFeatureSource.java:312) [gt-data-14.1.jar:na]
	at org.geotools.data.store.ContentDataStore.getSchema(ContentDataStore.java:345) [gt-data-14.1.jar:na]
	at org.geotools.data.store.ContentDataStore.getSchema(ContentDataStore.java:713) [gt-data-14.1.jar:na]
	at org.geotools.data.store.ContentDataStore.getSchema(ContentDataStore.java:103) [gt-data-14.1.jar:na]
	at org.locationtech.geogig.geotools.cli.shp.ShpImport.runInternal(ShpImport.java:94) [geogig-geotools-1.0-SNAPSHOT.jar:1.0-SNAPSHOT]
	at org.locationtech.geogig.cli.AbstractCommand.run(AbstractCommand.java:68) [geogig-cli-1.0-SNAPSHOT.jar:1.0-SNAPSHOT]
	at org.locationtech.geogig.cli.GeogigCLI.executeInternal(GeogigCLI.java:528) [geogig-cli-1.0-SNAPSHOT.jar:1.0-SNAPSHOT]
	at org.locationtech.geogig.cli.GeogigCLI.execute(GeogigCLI.java:367) [geogig-cli-1.0-SNAPSHOT.jar:1.0-SNAPSHOT]
	at org.locationtech.geogig.cli.CLI.main(CLI.java:39) [geogig-cli-app-1.0-SNAPSHOT.jar:1.0-SNAPSHOT]
Caused by: java.lang.NoClassDefFoundError: javax/media/jai/Warp
	at java.lang.Class.getDeclaredConstructors0(Native Method) ~[na:1.8.0_92]
	at java.lang.Class.privateGetDeclaredConstructors(Unknown Source) ~[na:1.8.0_92]
	at java.lang.Class.getConstructor0(Unknown Source) ~[na:1.8.0_92]
	at java.lang.Class.newInstance(Unknown Source) ~[na:1.8.0_92]
	... 30 common frames omitted
Caused by: java.lang.ClassNotFoundException: javax.media.jai.Warp
	at java.net.URLClassLoader.findClass(Unknown Source) ~[na:1.8.0_92]
	at java.lang.ClassLoader.loadClass(Unknown Source) ~[na:1.8.0_92]
	at sun.misc.Launcher$AppClassLoader.loadClass(Unknown Source) ~[na:1.8.0_92]
	at java.lang.ClassLoader.loadClass(Unknown Source) ~[na:1.8.0_92]
	... 34 common frames omitted
2016-09-19 14:47:20,157 WARN [main] o.g.factory [FactoryRegistry.java:976] Can't load a service for category "MathTransformProvider". Cause is "ServiceConfigurationError: org.geotools.referencing.operation.MathTransformProvider: Provider org.geotools.referencing.operation.transform.WarpTransform2D$Provider could not be instantiated".
java.util.ServiceConfigurationError: org.geotools.referencing.operation.MathTransformProvider: Provider org.geotools.referencing.operation.transform.WarpTransform2D$Provider could not be instantiated
	at java.util.ServiceLoader.fail(Unknown Source) ~[na:1.8.0_92]
	at java.util.ServiceLoader.access$100(Unknown Source) ~[na:1.8.0_92]
	at java.util.ServiceLoader$LazyIterator.nextService(Unknown Source) ~[na:1.8.0_92]
	at java.util.ServiceLoader$LazyIterator.next(Unknown Source) ~[na:1.8.0_92]
	at java.util.ServiceLoader$1.next(Unknown Source) ~[na:1.8.0_92]
	at org.geotools.factory.FactoryRegistry.register(FactoryRegistry.java:826) [gt-metadata-14.1.jar:na]
	at org.geotools.factory.FactoryRegistry.scanForPlugins(FactoryRegistry.java:772) [gt-metadata-14.1.jar:na]
	at org.geotools.factory.FactoryRegistry.scanForPluginsIfNeeded(FactoryRegistry.java:805) [gt-metadata-14.1.jar:na]
	at org.geotools.factory.FactoryRegistry.getServiceProviders(FactoryRegistry.java:196) [gt-metadata-14.1.jar:na]
	at org.geotools.referencing.operation.DefaultMathTransformFactory.getProvider(DefaultMathTransformFactory.java:282) [gt-referencing-14.1.jar:na]
	at org.geotools.referencing.operation.DefaultMathTransformFactory.getDefaultParameters(DefaultMathTransformFactory.java:316) [gt-referencing-14.1.jar:na]
	at org.geotools.referencing.wkt.Parser.parseProjection(Parser.java:603) [gt-referencing-14.1.jar:na]
	at org.geotools.referencing.wkt.Parser.parseProjCS(Parser.java:917) [gt-referencing-14.1.jar:na]
	at org.geotools.referencing.wkt.Parser.parseCoordinateReferenceSystem(Parser.java:225) [gt-referencing-14.1.jar:na]
	at org.geotools.referencing.wkt.Parser.parseCoordinateReferenceSystem(Parser.java:204) [gt-referencing-14.1.jar:na]
	at org.geotools.referencing.factory.ReferencingObjectFactory.createFromWKT(ReferencingObjectFactory.java:1090) [gt-referencing-14.1.jar:na]
	at org.geotools.data.PrjFileReader.<init>(PrjFileReader.java:94) [gt-main-14.1.jar:na]
	at org.geotools.data.PrjFileReader.<init>(PrjFileReader.java:68) [gt-main-14.1.jar:na]
	at org.geotools.data.shapefile.ShapefileSetManager.openPrjReader(ShapefileSetManager.java:106) [gt-shapefile-14.1.jar:na]
	at org.geotools.data.shapefile.ShapefileFeatureSource.readAttributes(ShapefileFeatureSource.java:519) [gt-shapefile-14.1.jar:na]
	at org.geotools.data.shapefile.ShapefileFeatureSource.buildFeatureType(ShapefileFeatureSource.java:475) [gt-shapefile-14.1.jar:na]
	at org.geotools.data.shapefile.ShapefileFeatureStore.buildFeatureType(ShapefileFeatureStore.java:131) [gt-shapefile-14.1.jar:na]
	at org.geotools.data.store.ContentFeatureSource.getAbsoluteSchema(ContentFeatureSource.java:343) [gt-data-14.1.jar:na]
	at org.geotools.data.store.ContentFeatureSource.getSchema(ContentFeatureSource.java:312) [gt-data-14.1.jar:na]
	at org.geotools.data.store.ContentDataStore.getSchema(ContentDataStore.java:345) [gt-data-14.1.jar:na]
	at org.geotools.data.store.ContentDataStore.getSchema(ContentDataStore.java:713) [gt-data-14.1.jar:na]
	at org.geotools.data.store.ContentDataStore.getSchema(ContentDataStore.java:103) [gt-data-14.1.jar:na]
	at org.locationtech.geogig.geotools.cli.shp.ShpImport.runInternal(ShpImport.java:94) [geogig-geotools-1.0-SNAPSHOT.jar:1.0-SNAPSHOT]
	at org.locationtech.geogig.cli.AbstractCommand.run(AbstractCommand.java:68) [geogig-cli-1.0-SNAPSHOT.jar:1.0-SNAPSHOT]
	at org.locationtech.geogig.cli.GeogigCLI.executeInternal(GeogigCLI.java:528) [geogig-cli-1.0-SNAPSHOT.jar:1.0-SNAPSHOT]
	at org.locationtech.geogig.cli.GeogigCLI.execute(GeogigCLI.java:367) [geogig-cli-1.0-SNAPSHOT.jar:1.0-SNAPSHOT]
	at org.locationtech.geogig.cli.CLI.main(CLI.java:39) [geogig-cli-app-1.0-SNAPSHOT.jar:1.0-SNAPSHOT]
Caused by: java.lang.NoClassDefFoundError: javax/media/jai/Warp
	at java.lang.Class.getDeclaredConstructors0(Native Method) ~[na:1.8.0_92]
	at java.lang.Class.privateGetDeclaredConstructors(Unknown Source) ~[na:1.8.0_92]
	at java.lang.Class.getConstructor0(Unknown Source) ~[na:1.8.0_92]
	at java.lang.Class.newInstance(Unknown Source) ~[na:1.8.0_92]
	... 30 common frames omitted
Caused by: java.lang.ClassNotFoundException: javax.media.jai.Warp
	at java.net.URLClassLoader.findClass(Unknown Source) ~[na:1.8.0_92]
	at java.lang.ClassLoader.loadClass(Unknown Source) ~[na:1.8.0_92]
	at sun.misc.Launcher$AppClassLoader.loadClass(Unknown Source) ~[na:1.8.0_92]
	at java.lang.ClassLoader.loadClass(Unknown Source) ~[na:1.8.0_92]
	... 34 common frames omitted
2016-09-19 14:51:36,647 WARN [main] o.g.factory [FactoryRegistry.java:976] Can't load a service for category "MathTransformProvider". Cause is "ServiceConfigurationError: org.geotools.referencing.operation.MathTransformProvider: Provider org.geotools.referencing.operation.transform.WarpTransform2D$Provider could not be instantiated".
java.util.ServiceConfigurationError: org.geotools.referencing.operation.MathTransformProvider: Provider org.geotools.referencing.operation.transform.WarpTransform2D$Provider could not be instantiated
	at java.util.ServiceLoader.fail(Unknown Source) ~[na:1.8.0_92]
	at java.util.ServiceLoader.access$100(Unknown Source) ~[na:1.8.0_92]
	at java.util.ServiceLoader$LazyIterator.nextService(Unknown Source) ~[na:1.8.0_92]
	at java.util.ServiceLoader$LazyIterator.next(Unknown Source) ~[na:1.8.0_92]
	at java.util.ServiceLoader$1.next(Unknown Source) ~[na:1.8.0_92]
	at org.geotools.factory.FactoryRegistry.register(FactoryRegistry.java:826) [gt-metadata-14.1.jar:na]
	at org.geotools.factory.FactoryRegistry.scanForPlugins(FactoryRegistry.java:772) [gt-metadata-14.1.jar:na]
	at org.geotools.factory.FactoryRegistry.scanForPluginsIfNeeded(FactoryRegistry.java:805) [gt-metadata-14.1.jar:na]
	at org.geotools.factory.FactoryRegistry.getServiceProviders(FactoryRegistry.java:196) [gt-metadata-14.1.jar:na]
	at org.geotools.referencing.operation.DefaultMathTransformFactory.getProvider(DefaultMathTransformFactory.java:282) [gt-referencing-14.1.jar:na]
	at org.geotools.referencing.operation.DefaultMathTransformFactory.getDefaultParameters(DefaultMathTransformFactory.java:316) [gt-referencing-14.1.jar:na]
	at org.geotools.referencing.wkt.Parser.parseProjection(Parser.java:603) [gt-referencing-14.1.jar:na]
	at org.geotools.referencing.wkt.Parser.parseProjCS(Parser.java:917) [gt-referencing-14.1.jar:na]
	at org.geotools.referencing.wkt.Parser.parseCoordinateReferenceSystem(Parser.java:225) [gt-referencing-14.1.jar:na]
	at org.geotools.referencing.wkt.Parser.parseCoordinateReferenceSystem(Parser.java:204) [gt-referencing-14.1.jar:na]
	at org.geotools.referencing.factory.ReferencingObjectFactory.createFromWKT(ReferencingObjectFactory.java:1090) [gt-referencing-14.1.jar:na]
	at org.geotools.data.PrjFileReader.<init>(PrjFileReader.java:94) [gt-main-14.1.jar:na]
	at org.geotools.data.PrjFileReader.<init>(PrjFileReader.java:68) [gt-main-14.1.jar:na]
	at org.geotools.data.shapefile.ShapefileSetManager.openPrjReader(ShapefileSetManager.java:106) [gt-shapefile-14.1.jar:na]
	at org.geotools.data.shapefile.ShapefileFeatureSource.readAttributes(ShapefileFeatureSource.java:519) [gt-shapefile-14.1.jar:na]
	at org.geotools.data.shapefile.ShapefileFeatureSource.buildFeatureType(ShapefileFeatureSource.java:475) [gt-shapefile-14.1.jar:na]
	at org.geotools.data.shapefile.ShapefileFeatureStore.buildFeatureType(ShapefileFeatureStore.java:131) [gt-shapefile-14.1.jar:na]
	at org.geotools.data.store.ContentFeatureSource.getAbsoluteSchema(ContentFeatureSource.java:343) [gt-data-14.1.jar:na]
	at org.geotools.data.store.ContentFeatureSource.getSchema(ContentFeatureSource.java:312) [gt-data-14.1.jar:na]
	at org.geotools.data.store.ContentDataStore.getSchema(ContentDataStore.java:345) [gt-data-14.1.jar:na]
	at org.geotools.data.store.ContentDataStore.getSchema(ContentDataStore.java:713) [gt-data-14.1.jar:na]
	at org.geotools.data.store.ContentDataStore.getSchema(ContentDataStore.java:103) [gt-data-14.1.jar:na]
	at org.locationtech.geogig.geotools.cli.shp.ShpImport.runInternal(ShpImport.java:94) [geogig-geotools-1.0-SNAPSHOT.jar:1.0-SNAPSHOT]
	at org.locationtech.geogig.cli.AbstractCommand.run(AbstractCommand.java:68) [geogig-cli-1.0-SNAPSHOT.jar:1.0-SNAPSHOT]
	at org.locationtech.geogig.cli.GeogigCLI.executeInternal(GeogigCLI.java:528) [geogig-cli-1.0-SNAPSHOT.jar:1.0-SNAPSHOT]
	at org.locationtech.geogig.cli.GeogigCLI.execute(GeogigCLI.java:367) [geogig-cli-1.0-SNAPSHOT.jar:1.0-SNAPSHOT]
	at org.locationtech.geogig.cli.CLI.main(CLI.java:39) [geogig-cli-app-1.0-SNAPSHOT.jar:1.0-SNAPSHOT]
Caused by: java.lang.NoClassDefFoundError: javax/media/jai/Warp
	at java.lang.Class.getDeclaredConstructors0(Native Method) ~[na:1.8.0_92]
	at java.lang.Class.privateGetDeclaredConstructors(Unknown Source) ~[na:1.8.0_92]
	at java.lang.Class.getConstructor0(Unknown Source) ~[na:1.8.0_92]
	at java.lang.Class.newInstance(Unknown Source) ~[na:1.8.0_92]
	... 30 common frames omitted
Caused by: java.lang.ClassNotFoundException: javax.media.jai.Warp
	at java.net.URLClassLoader.findClass(Unknown Source) ~[na:1.8.0_92]
	at java.lang.ClassLoader.loadClass(Unknown Source) ~[na:1.8.0_92]
	at sun.misc.Launcher$AppClassLoader.loadClass(Unknown Source) ~[na:1.8.0_92]
	at java.lang.ClassLoader.loadClass(Unknown Source) ~[na:1.8.0_92]
	... 34 common frames omitted
2016-09-19 14:53:35,239 WARN [main] o.g.factory [FactoryRegistry.java:976] Can't load a service for category "MathTransformProvider". Cause is "ServiceConfigurationError: org.geotools.referencing.operation.MathTransformProvider: Provider org.geotools.referencing.operation.transform.WarpTransform2D$Provider could not be instantiated".
java.util.ServiceConfigurationError: org.geotools.referencing.operation.MathTransformProvider: Provider org.geotools.referencing.operation.transform.WarpTransform2D$Provider could not be instantiated
	at java.util.ServiceLoader.fail(Unknown Source) ~[na:1.8.0_92]
	at java.util.ServiceLoader.access$100(Unknown Source) ~[na:1.8.0_92]
	at java.util.ServiceLoader$LazyIterator.nextService(Unknown Source) ~[na:1.8.0_92]
	at java.util.ServiceLoader$LazyIterator.next(Unknown Source) ~[na:1.8.0_92]
	at java.util.ServiceLoader$1.next(Unknown Source) ~[na:1.8.0_92]
	at org.geotools.factory.FactoryRegistry.register(FactoryRegistry.java:826) [gt-metadata-14.1.jar:na]
	at org.geotools.factory.FactoryRegistry.scanForPlugins(FactoryRegistry.java:772) [gt-metadata-14.1.jar:na]
	at org.geotools.factory.FactoryRegistry.scanForPluginsIfNeeded(FactoryRegistry.java:805) [gt-metadata-14.1.jar:na]
	at org.geotools.factory.FactoryRegistry.getServiceProviders(FactoryRegistry.java:196) [gt-metadata-14.1.jar:na]
	at org.geotools.referencing.operation.DefaultMathTransformFactory.getProvider(DefaultMathTransformFactory.java:282) [gt-referencing-14.1.jar:na]
	at org.geotools.referencing.operation.DefaultMathTransformFactory.getDefaultParameters(DefaultMathTransformFactory.java:316) [gt-referencing-14.1.jar:na]
	at org.geotools.referencing.wkt.Parser.parseProjection(Parser.java:603) [gt-referencing-14.1.jar:na]
	at org.geotools.referencing.wkt.Parser.parseProjCS(Parser.java:917) [gt-referencing-14.1.jar:na]
	at org.geotools.referencing.wkt.Parser.parseCoordinateReferenceSystem(Parser.java:225) [gt-referencing-14.1.jar:na]
	at org.geotools.referencing.wkt.Parser.parseCoordinateReferenceSystem(Parser.java:204) [gt-referencing-14.1.jar:na]
	at org.geotools.referencing.factory.ReferencingObjectFactory.createFromWKT(ReferencingObjectFactory.java:1090) [gt-referencing-14.1.jar:na]
	at org.geotools.data.PrjFileReader.<init>(PrjFileReader.java:94) [gt-main-14.1.jar:na]
	at org.geotools.data.PrjFileReader.<init>(PrjFileReader.java:68) [gt-main-14.1.jar:na]
	at org.geotools.data.shapefile.ShapefileSetManager.openPrjReader(ShapefileSetManager.java:106) [gt-shapefile-14.1.jar:na]
	at org.geotools.data.shapefile.ShapefileFeatureSource.readAttributes(ShapefileFeatureSource.java:519) [gt-shapefile-14.1.jar:na]
	at org.geotools.data.shapefile.ShapefileFeatureSource.buildFeatureType(ShapefileFeatureSource.java:475) [gt-shapefile-14.1.jar:na]
	at org.geotools.data.shapefile.ShapefileFeatureStore.buildFeatureType(ShapefileFeatureStore.java:131) [gt-shapefile-14.1.jar:na]
	at org.geotools.data.store.ContentFeatureSource.getAbsoluteSchema(ContentFeatureSource.java:343) [gt-data-14.1.jar:na]
	at org.geotools.data.store.ContentFeatureSource.getSchema(ContentFeatureSource.java:312) [gt-data-14.1.jar:na]
	at org.geotools.data.store.ContentDataStore.getSchema(ContentDataStore.java:345) [gt-data-14.1.jar:na]
	at org.geotools.data.store.ContentDataStore.getSchema(ContentDataStore.java:713) [gt-data-14.1.jar:na]
	at org.geotools.data.store.ContentDataStore.getSchema(ContentDataStore.java:103) [gt-data-14.1.jar:na]
	at org.locationtech.geogig.geotools.cli.shp.ShpImport.runInternal(ShpImport.java:94) [geogig-geotools-1.0-SNAPSHOT.jar:1.0-SNAPSHOT]
	at org.locationtech.geogig.cli.AbstractCommand.run(AbstractCommand.java:68) [geogig-cli-1.0-SNAPSHOT.jar:1.0-SNAPSHOT]
	at org.locationtech.geogig.cli.GeogigCLI.executeInternal(GeogigCLI.java:528) [geogig-cli-1.0-SNAPSHOT.jar:1.0-SNAPSHOT]
	at org.locationtech.geogig.cli.GeogigCLI.execute(GeogigCLI.java:367) [geogig-cli-1.0-SNAPSHOT.jar:1.0-SNAPSHOT]
	at org.locationtech.geogig.cli.CLI.main(CLI.java:39) [geogig-cli-app-1.0-SNAPSHOT.jar:1.0-SNAPSHOT]
Caused by: java.lang.NoClassDefFoundError: javax/media/jai/Warp
	at java.lang.Class.getDeclaredConstructors0(Native Method) ~[na:1.8.0_92]
	at java.lang.Class.privateGetDeclaredConstructors(Unknown Source) ~[na:1.8.0_92]
	at java.lang.Class.getConstructor0(Unknown Source) ~[na:1.8.0_92]
	at java.lang.Class.newInstance(Unknown Source) ~[na:1.8.0_92]
	... 30 common frames omitted
Caused by: java.lang.ClassNotFoundException: javax.media.jai.Warp
	at java.net.URLClassLoader.findClass(Unknown Source) ~[na:1.8.0_92]
	at java.lang.ClassLoader.loadClass(Unknown Source) ~[na:1.8.0_92]
	at sun.misc.Launcher$AppClassLoader.loadClass(Unknown Source) ~[na:1.8.0_92]
	at java.lang.ClassLoader.loadClass(Unknown Source) ~[na:1.8.0_92]
	... 34 common frames omitted
2016-09-19 15:09:14,657 WARN [main] o.g.factory [FactoryRegistry.java:976] Can't load a service for category "MathTransformProvider". Cause is "ServiceConfigurationError: org.geotools.referencing.operation.MathTransformProvider: Provider org.geotools.referencing.operation.transform.WarpTransform2D$Provider could not be instantiated".
java.util.ServiceConfigurationError: org.geotools.referencing.operation.MathTransformProvider: Provider org.geotools.referencing.operation.transform.WarpTransform2D$Provider could not be instantiated
	at java.util.ServiceLoader.fail(Unknown Source) ~[na:1.8.0_92]
	at java.util.ServiceLoader.access$100(Unknown Source) ~[na:1.8.0_92]
	at java.util.ServiceLoader$LazyIterator.nextService(Unknown Source) ~[na:1.8.0_92]
	at java.util.ServiceLoader$LazyIterator.next(Unknown Source) ~[na:1.8.0_92]
	at java.util.ServiceLoader$1.next(Unknown Source) ~[na:1.8.0_92]
	at org.geotools.factory.FactoryRegistry.register(FactoryRegistry.java:826) [gt-metadata-14.1.jar:na]
	at org.geotools.factory.FactoryRegistry.scanForPlugins(FactoryRegistry.java:772) [gt-metadata-14.1.jar:na]
	at org.geotools.factory.FactoryRegistry.scanForPluginsIfNeeded(FactoryRegistry.java:805) [gt-metadata-14.1.jar:na]
	at org.geotools.factory.FactoryRegistry.getServiceProviders(FactoryRegistry.java:196) [gt-metadata-14.1.jar:na]
	at org.geotools.referencing.operation.DefaultMathTransformFactory.getProvider(DefaultMathTransformFactory.java:282) [gt-referencing-14.1.jar:na]
	at org.geotools.referencing.operation.DefaultMathTransformFactory.getDefaultParameters(DefaultMathTransformFactory.java:316) [gt-referencing-14.1.jar:na]
	at org.geotools.referencing.wkt.Parser.parseProjection(Parser.java:603) [gt-referencing-14.1.jar:na]
	at org.geotools.referencing.wkt.Parser.parseProjCS(Parser.java:917) [gt-referencing-14.1.jar:na]
	at org.geotools.referencing.wkt.Parser.parseCoordinateReferenceSystem(Parser.java:225) [gt-referencing-14.1.jar:na]
	at org.geotools.referencing.wkt.Parser.parseCoordinateReferenceSystem(Parser.java:204) [gt-referencing-14.1.jar:na]
	at org.geotools.referencing.factory.ReferencingObjectFactory.createFromWKT(ReferencingObjectFactory.java:1090) [gt-referencing-14.1.jar:na]
	at org.geotools.referencing.CRS.parseWKT(CRS.java:535) [gt-referencing-14.1.jar:na]
	at org.locationtech.geogig.storage.datastream.FormatCommonV2.readAttributeType(FormatCommonV2.java:638) [geogig-core-1.0-SNAPSHOT.jar:1.0-SNAPSHOT]
	at org.locationtech.geogig.storage.datastream.FormatCommonV2.readAttributeDescriptor(FormatCommonV2.java:657) [geogig-core-1.0-SNAPSHOT.jar:1.0-SNAPSHOT]
	at org.locationtech.geogig.storage.datastream.FormatCommonV2.readFeatureType(FormatCommonV2.java:606) [geogig-core-1.0-SNAPSHOT.jar:1.0-SNAPSHOT]
	at org.locationtech.geogig.storage.datastream.FormatCommonV2.readFeatureType(FormatCommonV2.java:596) [geogig-core-1.0-SNAPSHOT.jar:1.0-SNAPSHOT]
	at org.locationtech.geogig.storage.datastream.DataStreamSerializationFactoryV2$FeatureTypeSerializer.readBody(DataStreamSerializationFactoryV2.java:173) [geogig-core-1.0-SNAPSHOT.jar:1.0-SNAPSHOT]
	at org.locationtech.geogig.storage.datastream.DataStreamSerializationFactoryV2$FeatureTypeSerializer.readBody(DataStreamSerializationFactoryV2.java:165) [geogig-core-1.0-SNAPSHOT.jar:1.0-SNAPSHOT]
	at org.locationtech.geogig.storage.datastream.DataStreamSerializationFactoryV2.read(DataStreamSerializationFactoryV2.java:72) [geogig-core-1.0-SNAPSHOT.jar:1.0-SNAPSHOT]
	at org.locationtech.geogig.storage.datastream.LZFSerializationFactory.read(LZFSerializationFactory.java:40) [geogig-core-1.0-SNAPSHOT.jar:1.0-SNAPSHOT]
	at org.locationtech.geogig.storage.AbstractObjectStore.get(AbstractObjectStore.java:154) [geogig-core-1.0-SNAPSHOT.jar:1.0-SNAPSHOT]
	at org.locationtech.geogig.storage.AbstractObjectStore.get(AbstractObjectStore.java:96) [geogig-core-1.0-SNAPSHOT.jar:1.0-SNAPSHOT]
	at org.locationtech.geogig.storage.ForwardingObjectDatabase.get(ForwardingObjectDatabase.java:81) [geogig-core-1.0-SNAPSHOT.jar:1.0-SNAPSHOT]
	at org.locationtech.geogig.di.caching.ObjectDatabaseCacheInterceptor$ValueLoader.call(ObjectDatabaseCacheInterceptor.java:182) [geogig-core-1.0-SNAPSHOT.jar:1.0-SNAPSHOT]
	at org.locationtech.geogig.di.caching.ObjectDatabaseCacheInterceptor$ValueLoader.call(ObjectDatabaseCacheInterceptor.java:169) [geogig-core-1.0-SNAPSHOT.jar:1.0-SNAPSHOT]
	at com.google.common.cache.LocalCache$LocalManualCache$1.load(LocalCache.java:4742) [guava-18.0.jar:na]
	at com.google.common.cache.LocalCache$LoadingValueReference.loadFuture(LocalCache.java:3527) [guava-18.0.jar:na]
	at com.google.common.cache.LocalCache$Segment.loadSync(LocalCache.java:2319) [guava-18.0.jar:na]
	at com.google.common.cache.LocalCache$Segment.lockedGetOrLoad(LocalCache.java:2282) [guava-18.0.jar:na]
	at com.google.common.cache.LocalCache$Segment.get(LocalCache.java:2197) [guava-18.0.jar:na]
	at com.google.common.cache.LocalCache.get(LocalCache.java:3937) [guava-18.0.jar:na]
	at com.google.common.cache.LocalCache$LocalManualCache.get(LocalCache.java:4739) [guava-18.0.jar:na]
	at org.locationtech.geogig.di.caching.ObjectDatabaseCacheInterceptor$CacheHelper.get(ObjectDatabaseCacheInterceptor.java:221) [geogig-core-1.0-SNAPSHOT.jar:1.0-SNAPSHOT]
	at org.locationtech.geogig.di.caching.ObjectDatabaseCacheInterceptor$CacheHelper.get(ObjectDatabaseCacheInterceptor.java:211) [geogig-core-1.0-SNAPSHOT.jar:1.0-SNAPSHOT]
	at org.locationtech.geogig.di.caching.ObjectDatabaseCacheInterceptor$CachingObjectDatabase.get(ObjectDatabaseCacheInterceptor.java:103) [geogig-core-1.0-SNAPSHOT.jar:1.0-SNAPSHOT]
	at org.locationtech.geogig.api.plumbing.RevObjectParse.call(RevObjectParse.java:82) [geogig-core-1.0-SNAPSHOT.jar:1.0-SNAPSHOT]
	at org.locationtech.geogig.api.plumbing.RevObjectParse._call(RevObjectParse.java:59) [geogig-core-1.0-SNAPSHOT.jar:1.0-SNAPSHOT]
	at org.locationtech.geogig.api.plumbing.RevObjectParse._call(RevObjectParse.java:26) [geogig-core-1.0-SNAPSHOT.jar:1.0-SNAPSHOT]
	at org.locationtech.geogig.api.AbstractGeoGigOp.call(AbstractGeoGigOp.java:133) [geogig-core-1.0-SNAPSHOT.jar:1.0-SNAPSHOT]
	at org.locationtech.geogig.geotools.cli.shp.ShpExportDiff.getFeatureType(ShpExportDiff.java:195) [geogig-geotools-1.0-SNAPSHOT.jar:1.0-SNAPSHOT]
	at org.locationtech.geogig.geotools.cli.shp.ShpExportDiff.runInternal(ShpExportDiff.java:106) [geogig-geotools-1.0-SNAPSHOT.jar:1.0-SNAPSHOT]
	at org.locationtech.geogig.cli.AbstractCommand.run(AbstractCommand.java:68) [geogig-cli-1.0-SNAPSHOT.jar:1.0-SNAPSHOT]
	at org.locationtech.geogig.cli.GeogigCLI.executeInternal(GeogigCLI.java:528) [geogig-cli-1.0-SNAPSHOT.jar:1.0-SNAPSHOT]
	at org.locationtech.geogig.cli.GeogigCLI.execute(GeogigCLI.java:367) [geogig-cli-1.0-SNAPSHOT.jar:1.0-SNAPSHOT]
	at org.locationtech.geogig.cli.CLI.main(CLI.java:39) [geogig-cli-app-1.0-SNAPSHOT.jar:1.0-SNAPSHOT]
Caused by: java.lang.NoClassDefFoundError: javax/media/jai/Warp
	at java.lang.Class.getDeclaredConstructors0(Native Method) ~[na:1.8.0_92]
	at java.lang.Class.privateGetDeclaredConstructors(Unknown Source) ~[na:1.8.0_92]
	at java.lang.Class.getConstructor0(Unknown Source) ~[na:1.8.0_92]
	at java.lang.Class.newInstance(Unknown Source) ~[na:1.8.0_92]
	... 48 common frames omitted
Caused by: java.lang.ClassNotFoundException: javax.media.jai.Warp
	at java.net.URLClassLoader.findClass(Unknown Source) ~[na:1.8.0_92]
	at java.lang.ClassLoader.loadClass(Unknown Source) ~[na:1.8.0_92]
	at sun.misc.Launcher$AppClassLoader.loadClass(Unknown Source) ~[na:1.8.0_92]
	at java.lang.ClassLoader.loadClass(Unknown Source) ~[na:1.8.0_92]
	... 52 common frames omitted
2016-09-19 15:17:22,965 WARN [main] o.g.factory [FactoryRegistry.java:976] Can't load a service for category "MathTransformProvider". Cause is "ServiceConfigurationError: org.geotools.referencing.operation.MathTransformProvider: Provider org.geotools.referencing.operation.transform.WarpTransform2D$Provider could not be instantiated".
java.util.ServiceConfigurationError: org.geotools.referencing.operation.MathTransformProvider: Provider org.geotools.referencing.operation.transform.WarpTransform2D$Provider could not be instantiated
	at java.util.ServiceLoader.fail(Unknown Source) ~[na:1.8.0_92]
	at java.util.ServiceLoader.access$100(Unknown Source) ~[na:1.8.0_92]
	at java.util.ServiceLoader$LazyIterator.nextService(Unknown Source) ~[na:1.8.0_92]
	at java.util.ServiceLoader$LazyIterator.next(Unknown Source) ~[na:1.8.0_92]
	at java.util.ServiceLoader$1.next(Unknown Source) ~[na:1.8.0_92]
	at org.geotools.factory.FactoryRegistry.register(FactoryRegistry.java:826) [gt-metadata-14.1.jar:na]
	at org.geotools.factory.FactoryRegistry.scanForPlugins(FactoryRegistry.java:772) [gt-metadata-14.1.jar:na]
	at org.geotools.factory.FactoryRegistry.scanForPluginsIfNeeded(FactoryRegistry.java:805) [gt-metadata-14.1.jar:na]
	at org.geotools.factory.FactoryRegistry.getServiceProviders(FactoryRegistry.java:196) [gt-metadata-14.1.jar:na]
	at org.geotools.referencing.operation.DefaultMathTransformFactory.getProvider(DefaultMathTransformFactory.java:282) [gt-referencing-14.1.jar:na]
	at org.geotools.referencing.operation.DefaultMathTransformFactory.getDefaultParameters(DefaultMathTransformFactory.java:316) [gt-referencing-14.1.jar:na]
	at org.geotools.referencing.wkt.Parser.parseProjection(Parser.java:603) [gt-referencing-14.1.jar:na]
	at org.geotools.referencing.wkt.Parser.parseProjCS(Parser.java:917) [gt-referencing-14.1.jar:na]
	at org.geotools.referencing.wkt.Parser.parseCoordinateReferenceSystem(Parser.java:225) [gt-referencing-14.1.jar:na]
	at org.geotools.referencing.wkt.Parser.parseCoordinateReferenceSystem(Parser.java:204) [gt-referencing-14.1.jar:na]
	at org.geotools.referencing.factory.ReferencingObjectFactory.createFromWKT(ReferencingObjectFactory.java:1090) [gt-referencing-14.1.jar:na]
	at org.geotools.referencing.CRS.parseWKT(CRS.java:535) [gt-referencing-14.1.jar:na]
	at org.locationtech.geogig.storage.datastream.FormatCommonV2.readAttributeType(FormatCommonV2.java:638) [geogig-core-1.0-SNAPSHOT.jar:1.0-SNAPSHOT]
	at org.locationtech.geogig.storage.datastream.FormatCommonV2.readAttributeDescriptor(FormatCommonV2.java:657) [geogig-core-1.0-SNAPSHOT.jar:1.0-SNAPSHOT]
	at org.locationtech.geogig.storage.datastream.FormatCommonV2.readFeatureType(FormatCommonV2.java:606) [geogig-core-1.0-SNAPSHOT.jar:1.0-SNAPSHOT]
	at org.locationtech.geogig.storage.datastream.FormatCommonV2.readFeatureType(FormatCommonV2.java:596) [geogig-core-1.0-SNAPSHOT.jar:1.0-SNAPSHOT]
	at org.locationtech.geogig.storage.datastream.DataStreamSerializationFactoryV2$FeatureTypeSerializer.readBody(DataStreamSerializationFactoryV2.java:173) [geogig-core-1.0-SNAPSHOT.jar:1.0-SNAPSHOT]
	at org.locationtech.geogig.storage.datastream.DataStreamSerializationFactoryV2$FeatureTypeSerializer.readBody(DataStreamSerializationFactoryV2.java:165) [geogig-core-1.0-SNAPSHOT.jar:1.0-SNAPSHOT]
	at org.locationtech.geogig.storage.datastream.DataStreamSerializationFactoryV2.read(DataStreamSerializationFactoryV2.java:72) [geogig-core-1.0-SNAPSHOT.jar:1.0-SNAPSHOT]
	at org.locationtech.geogig.storage.datastream.LZFSerializationFactory.read(LZFSerializationFactory.java:40) [geogig-core-1.0-SNAPSHOT.jar:1.0-SNAPSHOT]
	at org.locationtech.geogig.storage.AbstractObjectStore.get(AbstractObjectStore.java:154) [geogig-core-1.0-SNAPSHOT.jar:1.0-SNAPSHOT]
	at org.locationtech.geogig.storage.AbstractObjectStore.get(AbstractObjectStore.java:96) [geogig-core-1.0-SNAPSHOT.jar:1.0-SNAPSHOT]
	at org.locationtech.geogig.storage.ForwardingObjectDatabase.get(ForwardingObjectDatabase.java:81) [geogig-core-1.0-SNAPSHOT.jar:1.0-SNAPSHOT]
	at org.locationtech.geogig.di.caching.ObjectDatabaseCacheInterceptor$ValueLoader.call(ObjectDatabaseCacheInterceptor.java:182) [geogig-core-1.0-SNAPSHOT.jar:1.0-SNAPSHOT]
	at org.locationtech.geogig.di.caching.ObjectDatabaseCacheInterceptor$ValueLoader.call(ObjectDatabaseCacheInterceptor.java:169) [geogig-core-1.0-SNAPSHOT.jar:1.0-SNAPSHOT]
	at com.google.common.cache.LocalCache$LocalManualCache$1.load(LocalCache.java:4742) [guava-18.0.jar:na]
	at com.google.common.cache.LocalCache$LoadingValueReference.loadFuture(LocalCache.java:3527) [guava-18.0.jar:na]
	at com.google.common.cache.LocalCache$Segment.loadSync(LocalCache.java:2319) [guava-18.0.jar:na]
	at com.google.common.cache.LocalCache$Segment.lockedGetOrLoad(LocalCache.java:2282) [guava-18.0.jar:na]
	at com.google.common.cache.LocalCache$Segment.get(LocalCache.java:2197) [guava-18.0.jar:na]
	at com.google.common.cache.LocalCache.get(LocalCache.java:3937) [guava-18.0.jar:na]
	at com.google.common.cache.LocalCache$LocalManualCache.get(LocalCache.java:4739) [guava-18.0.jar:na]
	at org.locationtech.geogig.di.caching.ObjectDatabaseCacheInterceptor$CacheHelper.get(ObjectDatabaseCacheInterceptor.java:221) [geogig-core-1.0-SNAPSHOT.jar:1.0-SNAPSHOT]
	at org.locationtech.geogig.di.caching.ObjectDatabaseCacheInterceptor$CacheHelper.get(ObjectDatabaseCacheInterceptor.java:211) [geogig-core-1.0-SNAPSHOT.jar:1.0-SNAPSHOT]
	at org.locationtech.geogig.di.caching.ObjectDatabaseCacheInterceptor$CachingObjectDatabase.get(ObjectDatabaseCacheInterceptor.java:103) [geogig-core-1.0-SNAPSHOT.jar:1.0-SNAPSHOT]
	at org.locationtech.geogig.api.plumbing.RevObjectParse.call(RevObjectParse.java:82) [geogig-core-1.0-SNAPSHOT.jar:1.0-SNAPSHOT]
	at org.locationtech.geogig.api.plumbing.RevObjectParse._call(RevObjectParse.java:59) [geogig-core-1.0-SNAPSHOT.jar:1.0-SNAPSHOT]
	at org.locationtech.geogig.api.plumbing.RevObjectParse._call(RevObjectParse.java:26) [geogig-core-1.0-SNAPSHOT.jar:1.0-SNAPSHOT]
	at org.locationtech.geogig.api.AbstractGeoGigOp.call(AbstractGeoGigOp.java:133) [geogig-core-1.0-SNAPSHOT.jar:1.0-SNAPSHOT]
	at org.locationtech.geogig.geotools.cli.shp.ShpExportDiff.getFeatureType(ShpExportDiff.java:195) [geogig-geotools-1.0-SNAPSHOT.jar:1.0-SNAPSHOT]
	at org.locationtech.geogig.geotools.cli.shp.ShpExportDiff.runInternal(ShpExportDiff.java:106) [geogig-geotools-1.0-SNAPSHOT.jar:1.0-SNAPSHOT]
	at org.locationtech.geogig.cli.AbstractCommand.run(AbstractCommand.java:68) [geogig-cli-1.0-SNAPSHOT.jar:1.0-SNAPSHOT]
	at org.locationtech.geogig.cli.GeogigCLI.executeInternal(GeogigCLI.java:528) [geogig-cli-1.0-SNAPSHOT.jar:1.0-SNAPSHOT]
	at org.locationtech.geogig.cli.GeogigCLI.execute(GeogigCLI.java:367) [geogig-cli-1.0-SNAPSHOT.jar:1.0-SNAPSHOT]
	at org.locationtech.geogig.cli.CLI.main(CLI.java:39) [geogig-cli-app-1.0-SNAPSHOT.jar:1.0-SNAPSHOT]
Caused by: java.lang.NoClassDefFoundError: javax/media/jai/Warp
	at java.lang.Class.getDeclaredConstructors0(Native Method) ~[na:1.8.0_92]
	at java.lang.Class.privateGetDeclaredConstructors(Unknown Source) ~[na:1.8.0_92]
	at java.lang.Class.getConstructor0(Unknown Source) ~[na:1.8.0_92]
	at java.lang.Class.newInstance(Unknown Source) ~[na:1.8.0_92]
	... 48 common frames omitted
Caused by: java.lang.ClassNotFoundException: javax.media.jai.Warp
	at java.net.URLClassLoader.findClass(Unknown Source) ~[na:1.8.0_92]
	at java.lang.ClassLoader.loadClass(Unknown Source) ~[na:1.8.0_92]
	at sun.misc.Launcher$AppClassLoader.loadClass(Unknown Source) ~[na:1.8.0_92]
	at java.lang.ClassLoader.loadClass(Unknown Source) ~[na:1.8.0_92]
	... 52 common frames omitted
